gyp info it worked if it ends with ok
gyp verb cli [ '/usr/local/bin/node',
gyp verb cli   '/usr/local/lib/node_modules/npm/node_modules/node-gyp/bin/node-gyp.js',
gyp verb cli   'rebuild' ]
gyp info using node-gyp@3.3.1
gyp info using node@5.10.1 | linux | x64
gyp verb command rebuild []
gyp verb command clean []
gyp verb clean removing "build" directory
gyp verb command configure []
gyp verb check python checking for Python executable "python2" in the PATH
gyp verb `which` succeeded python2 /usr/bin/python2
gyp verb check python version `/usr/bin/python2 -c "import platform; print(platform.python_version());"` returned: "2.6.6\n"
gyp verb get node dir no --target version specified, falling back to host node version: 5.10.1
gyp verb command install [ '5.10.1' ]
gyp verb install input version string "5.10.1"
gyp verb install installing version: 5.10.1
gyp verb install --ensure was passed, so won't reinstall if already installed
gyp verb install version not already installed, continuing with install 5.10.1
gyp verb ensuring nodedir is created /home/vagrant/.node-gyp/5.10.1
gyp verb created nodedir /home/vagrant/.node-gyp/5.10.1
gyp http GET https://nodejs.org/download/release/v5.10.1/node-v5.10.1-headers.tar.gz
gyp http 200 https://nodejs.org/download/release/v5.10.1/node-v5.10.1-headers.tar.gz
gyp verb extracted file from tarball include/node/android-ifaddrs.h
gyp verb extracted file from tarball include/node/ares.h
gyp verb extracted file from tarball include/node/ares_build.h
gyp verb extracted file from tarball include/node/ares_rules.h
gyp verb extracted file from tarball include/node/ares_version.h
gyp verb extracted file from tarball include/node/common.gypi
gyp verb extracted file from tarball include/node/config.gypi
gyp verb extracted file from tarball include/node/nameser.h
gyp verb extracted file from tarball include/node/node.h
gyp verb extracted file from tarball include/node/node_buffer.h
gyp verb extracted file from tarball include/node/node_internals.h
gyp verb extracted file from tarball include/node/node_object_wrap.h
gyp verb extracted file from tarball include/node/node_version.h
gyp verb extracted file from tarball include/node/pthread-fixes.h
gyp verb extracted file from tarball include/node/stdint-msvc2008.h
gyp verb extracted file from tarball include/node/tree.h
gyp verb extracted file from tarball include/node/uv-aix.h
gyp verb extracted file from tarball include/node/uv-bsd.h
gyp verb extracted file from tarball include/node/uv-darwin.h
gyp verb extracted file from tarball include/node/uv-errno.h
gyp verb extracted file from tarball include/node/uv-linux.h
gyp verb extracted file from tarball include/node/uv-sunos.h
gyp verb extracted file from tarball include/node/uv-threadpool.h
gyp verb extracted file from tarball include/node/uv-unix.h
gyp verb extracted file from tarball include/node/uv-version.h
gyp verb extracted file from tarball include/node/uv-win.h
gyp verb extracted file from tarball include/node/uv.h
gyp verb extracted file from tarball include/node/v8-debug.h
gyp verb extracted file from tarball include/node/v8-platform.h
gyp verb extracted file from tarball include/node/v8-profiler.h
gyp verb extracted file from tarball include/node/v8-testing.h
gyp verb extracted file from tarball include/node/v8-util.h
gyp verb extracted file from tarball include/node/v8-version.h
gyp verb extracted file from tarball include/node/v8.h
gyp verb extracted file from tarball include/node/v8config.h
gyp verb extracted file from tarball include/node/zconf.h
gyp verb extracted file from tarball include/node/zlib.h
gyp verb extracted file from tarball include/node/openssl/aes.h
gyp verb extracted file from tarball include/node/openssl/asn1.h
gyp verb extracted file from tarball include/node/openssl/asn1_mac.h
gyp verb extracted file from tarball include/node/openssl/asn1t.h
gyp verb extracted file from tarball include/node/openssl/bio.h
gyp verb extracted file from tarball include/node/openssl/blowfish.h
gyp verb extracted file from tarball include/node/openssl/bn.h
gyp verb extracted file from tarball include/node/openssl/buffer.h
gyp verb extracted file from tarball include/node/openssl/camellia.h
gyp verb extracted file from tarball include/node/openssl/cast.h
gyp verb extracted file from tarball include/node/openssl/cmac.h
gyp verb extracted file from tarball include/node/openssl/cms.h
gyp verb extracted file from tarball include/node/openssl/comp.h
gyp verb extracted file from tarball include/node/openssl/conf.h
gyp verb extracted file from tarball include/node/openssl/conf_api.h
gyp verb extracted file from tarball include/node/openssl/crypto.h
gyp verb extracted file from tarball include/node/openssl/des.h
gyp verb extracted file from tarball include/node/openssl/des_old.h
gyp verb extracted file from tarball include/node/openssl/dh.h
gyp verb extracted file from tarball include/node/openssl/dsa.h
gyp verb extracted file from tarball include/node/openssl/dso.h
gyp verb extracted file from tarball include/node/openssl/dtls1.h
gyp verb extracted file from tarball include/node/openssl/e_os2.h
gyp verb extracted file from tarball include/node/openssl/ebcdic.h
gyp verb extracted file from tarball include/node/openssl/ec.h
gyp verb extracted file from tarball include/node/openssl/ecdh.h
gyp verb extracted file from tarball include/node/openssl/ecdsa.h
gyp verb extracted file from tarball include/node/openssl/engine.h
gyp verb extracted file from tarball include/node/openssl/err.h
gyp verb extracted file from tarball include/node/openssl/evp.h
gyp verb extracted file from tarball include/node/openssl/hmac.h
gyp verb extracted file from tarball include/node/openssl/idea.h
gyp verb extracted file from tarball include/node/openssl/krb5_asn.h
gyp verb extracted file from tarball include/node/openssl/kssl.h
gyp verb extracted file from tarball include/node/openssl/lhash.h
gyp verb extracted file from tarball include/node/openssl/md4.h
gyp verb extracted file from tarball include/node/openssl/md5.h
gyp verb extracted file from tarball include/node/openssl/mdc2.h
gyp verb extracted file from tarball include/node/openssl/modes.h
gyp verb extracted file from tarball include/node/openssl/obj_mac.h
gyp verb extracted file from tarball include/node/openssl/objects.h
gyp verb extracted file from tarball include/node/openssl/ocsp.h
gyp verb extracted file from tarball include/node/openssl/opensslconf.h
gyp verb extracted file from tarball include/node/openssl/opensslv.h
gyp verb extracted file from tarball include/node/openssl/ossl_typ.h
gyp verb extracted file from tarball include/node/openssl/pem.h
gyp verb extracted file from tarball include/node/openssl/pem2.h
gyp verb extracted file from tarball include/node/openssl/pkcs12.h
gyp verb extracted file from tarball include/node/openssl/pkcs7.h
gyp verb extracted file from tarball include/node/openssl/pqueue.h
gyp verb extracted file from tarball include/node/openssl/rand.h
gyp verb extracted file from tarball include/node/openssl/rc2.h
gyp verb extracted file from tarball include/node/openssl/rc4.h
gyp verb extracted file from tarball include/node/openssl/ripemd.h
gyp verb extracted file from tarball include/node/openssl/rsa.h
gyp verb extracted file from tarball include/node/openssl/safestack.h
gyp verb extracted file from tarball include/node/openssl/seed.h
gyp verb extracted file from tarball include/node/openssl/sha.h
gyp verb extracted file from tarball include/node/openssl/srp.h
gyp verb extracted file from tarball include/node/openssl/srtp.h
gyp verb extracted file from tarball include/node/openssl/ssl.h
gyp verb extracted file from tarball include/node/openssl/ssl2.h
gyp verb extracted file from tarball include/node/openssl/ssl23.h
gyp verb extracted file from tarball include/node/openssl/ssl3.h
gyp verb extracted file from tarball include/node/openssl/stack.h
gyp verb extracted file from tarball include/node/openssl/symhacks.h
gyp verb extracted file from tarball include/node/openssl/tls1.h
gyp verb extracted file from tarball include/node/openssl/ts.h
gyp verb extracted file from tarball include/node/openssl/txt_db.h
gyp verb extracted file from tarball include/node/openssl/ui.h
gyp verb extracted file from tarball include/node/openssl/ui_compat.h
gyp verb extracted file from tarball include/node/openssl/whrlpool.h
gyp verb extracted file from tarball include/node/openssl/x509.h
gyp verb extracted file from tarball include/node/openssl/x509_vfy.h
gyp verb extracted file from tarball include/node/openssl/x509v3.h
gyp verb content checksum node-v5.10.1-headers.tar.gz 77e1469d6c2c6f49e68cb3fb8052ee90284700e7da013a7d47ad1cefcd8afc63
gyp verb extracted file from tarball include/node/openssl/archs/VC-WIN64A/opensslconf.h
gyp verb extracted file from tarball include/node/openssl/archs/VC-WIN32/opensslconf.h
gyp verb extracted file from tarball include/node/openssl/archs/solaris64-x86_64-gcc/opensslconf.h
gyp verb extracted file from tarball include/node/openssl/archs/solaris-x86-gcc/opensslconf.h
gyp verb extracted file from tarball include/node/openssl/archs/linux64-s390x/opensslconf.h
gyp verb extracted file from tarball include/node/openssl/archs/linux32-s390x/opensslconf.h
gyp verb extracted file from tarball include/node/openssl/archs/linux-x86_64/opensslconf.h
gyp verb extracted file from tarball include/node/openssl/archs/linux-x32/opensslconf.h
gyp verb extracted file from tarball include/node/openssl/archs/linux-ppc64/opensslconf.h
gyp verb extracted file from tarball include/node/openssl/archs/linux-ppc/opensslconf.h
gyp verb extracted file from tarball include/node/openssl/archs/linux-elf/opensslconf.h
gyp verb extracted file from tarball include/node/openssl/archs/linux-armv4/opensslconf.h
gyp verb extracted file from tarball include/node/openssl/archs/linux-aarch64/opensslconf.h
gyp verb extracted file from tarball include/node/openssl/archs/darwin64-x86_64-cc/opensslconf.h
gyp verb extracted file from tarball include/node/openssl/archs/darwin-i386-cc/opensslconf.h
gyp verb extracted file from tarball include/node/openssl/archs/BSD-x86_64/opensslconf.h
gyp verb extracted file from tarball include/node/openssl/archs/BSD-x86/opensslconf.h
gyp verb extracted file from tarball include/node/openssl/archs/aix64-gcc/opensslconf.h
gyp verb extracted file from tarball include/node/openssl/archs/aix-gcc/opensslconf.h
gyp verb extracted file from tarball include/node/libplatform/libplatform.h
gyp verb tarball done parsing tarball
gyp verb check download content checksum, need to download `SHASUMS256.txt`... 
gyp verb checksum url https://nodejs.org/download/release/v5.10.1/SHASUMS256.txt
gyp http GET https://nodejs.org/download/release/v5.10.1/SHASUMS256.txt
gyp http 200 https://nodejs.org/download/release/v5.10.1/SHASUMS256.txt
gyp verb checksum data {"node-v5.10.1-darwin-x64.tar.gz":"00ffc5c662580e1a5062a8740a9b9a40dbf7dadb5c8aa16bdf0ed33c7c1dfbfb","node-v5.10.1-darwin-x64.tar.xz":"52d6103a14690c4541e6924d28687b23dbcf65cd171a50529db0998004e888c7","node-v5.10.1-headers.tar.gz":"77e1469d6c2c6f49e68cb3fb8052ee90284700e7da013a7d47ad1cefcd8afc63","node-v5.10.1-headers.tar.xz":"a3c5c8f545ca320305128731f546a24387719768ccf5fa8a5e3059ee26f43370","node-v5.10.1-linux-arm64.tar.gz":"98e4f003818968d5b9bcf17c921d33a5e3d6866be63d80510ae7ff8877e817db","node-v5.10.1-linux-arm64.tar.xz":"2c264c596a9bf1a962b37ea51afa3540f819a1428627a28b6a25abe284eb04ab","node-v5.10.1-linux-armv6l.tar.gz":"5d6f652ce962a0fb59edf5e305af3a7e9147489ebb90a1244f3fa67d86fcf54b","node-v5.10.1-linux-armv6l.tar.xz":"bfa551df4739d3f975c4114f1e87b0060bb1998d27b4916a0238561bd4478e7c","node-v5.10.1-linux-armv7l.tar.gz":"f1ccddf5fc894a4a4becdf9b32e579b2aad6c6ace189890dbdcb934afbaab060","node-v5.10.1-linux-armv7l.tar.xz":"d35134ec4c6ac723da20898c3061c11b71823e09167cf830ab56983cb33affeb","node-v5.10.1-linux-ppc64le.tar.gz":"b7137dc0bc9a6e3a91be67f05330d2722d58b4e50047d3455a7c035c455701b4","node-v5.10.1-linux-ppc64le.tar.xz":"2bc959b36318c0a64b86e0eedbc5179b59db9a8b4f1577039182d7c283b1ffc2","node-v5.10.1-linux-x64.tar.gz":"897506e1e83cba9b780b030c9cc7299b0ae8872c0b8b0081a86996079025cea5","node-v5.10.1-linux-x64.tar.xz":"edc2afd401d5bbbc05aee186e94ea21078bd4d733da0fc1e95cb8dfbae04bcc8","node-v5.10.1-linux-x86.tar.gz":"a4c17570bd03424cd57affd10a4ef7d3b76167d3646656236bc78b86bc622a88","node-v5.10.1-linux-x86.tar.xz":"d2fd77706d6b122f978ac68eba540e3ad8efb93909b56a1fe944af81b74b552e","node-v5.10.1.pkg":"9bf1a7a92debe7613e6ff0d1852aa09e8ed95cf01f276e71848d44235059423a","node-v5.10.1-sunos-x64.tar.gz":"0cb823dacc340aa79b70a08d7d81a72260c3414b6f07398ab80e755efcc93f85","node-v5.10.1-sunos-x64.tar.xz":"780c323919d1912989784e5577212a56856e3ceb7eab11a8d3d43bf6a7da3582","node-v5.10.1-sunos-x86.tar.gz":"1d2731f7ffb46d9f2153993f24ac36a5e98dd136ad28600e45d918205997403f","node-v5.10.1-sunos-x86.tar.xz":"75096b173bbbd920b2039b3ede985025f0c8dc91f999224626163d3cb9458cb5","node-v5.10.1.tar.gz":"c6e278b612b53c240ddf85521403e55abfd8f0201d2f2c7e3d2c21383054aacd","node-v5.10.1.tar.xz":"9eecd853cdd06ebee24a1bb8d753cd20af5a19297c5d3a3b1680fe36b47d5cbe","node-v5.10.1-x64.msi":"a1207fa1e831c1347d338546e353ea195d5cb1acb7e290dad8836153aad11c35","node-v5.10.1-x86.msi":"87a902472fe0458ee444456ef5a9bdbd9247c7747b4deeb7a7ded43e56b43daa","win-x64/node.exe":"4985991e02af90ca5628a6f3e5aa8d913c72b1c898fa0202db47cb757b576ac9","win-x64/node.lib":"8b2c8cfb473fa45bf24567302c0f5adf4d573afc13d27797e717dc0696336f01","win-x86/node.exe":"bbf7ca1d2bb2c590d97e785bbc7fe0f5478b4ee586d47a0e95ca6cff1b9f968b","win-x86/node.lib":"23be78c07830ad80f1b188dd9ef38dc9e267728d1f09acd435b42914875ae89d"}
gyp verb download contents checksum {"node-v5.10.1-headers.tar.gz":"77e1469d6c2c6f49e68cb3fb8052ee90284700e7da013a7d47ad1cefcd8afc63"}
gyp verb validating download checksum for node-v5.10.1-headers.tar.gz (77e1469d6c2c6f49e68cb3fb8052ee90284700e7da013a7d47ad1cefcd8afc63 == 77e1469d6c2c6f49e68cb3fb8052ee90284700e7da013a7d47ad1cefcd8afc63)
gyp verb get node dir target node version installed: 5.10.1
gyp verb build dir attempting to create "build" dir: /vagrant/workspace/nc-lesson-mock/node_modules/ws/build
gyp verb build dir "build" dir needed to be created? /vagrant/workspace/nc-lesson-mock/node_modules/ws/build
gyp verb build/config.gypi creating config file
gyp verb build/config.gypi writing out config file: /vagrant/workspace/nc-lesson-mock/node_modules/ws/build/config.gypi
gyp verb config.gypi checking for gypi file: /vagrant/workspace/nc-lesson-mock/node_modules/ws/config.gypi
gyp verb common.gypi checking for gypi file: /vagrant/workspace/nc-lesson-mock/node_modules/ws/common.gypi
gyp verb gyp gyp format was not specified; forcing "make"
gyp info spawn /usr/bin/python2
gyp info spawn args [ '/usr/local/lib/node_modules/npm/node_modules/node-gyp/gyp/gyp_main.py',
gyp info spawn args   'binding.gyp',
gyp info spawn args   '-f',
gyp info spawn args   'make',
gyp info spawn args   '-I',
gyp info spawn args   '/vagrant/workspace/nc-lesson-mock/node_modules/ws/build/config.gypi',
gyp info spawn args   '-I',
gyp info spawn args   '/usr/local/lib/node_modules/npm/node_modules/node-gyp/addon.gypi',
gyp info spawn args   '-I',
gyp info spawn args   '/home/vagrant/.node-gyp/5.10.1/include/node/common.gypi',
gyp info spawn args   '-Dlibrary=shared_library',
gyp info spawn args   '-Dvisibility=default',
gyp info spawn args   '-Dnode_root_dir=/home/vagrant/.node-gyp/5.10.1',
gyp info spawn args   '-Dnode_gyp_dir=/usr/local/lib/node_modules/npm/node_modules/node-gyp',
gyp info spawn args   '-Dnode_lib_file=node.lib',
gyp info spawn args   '-Dmodule_root_dir=/vagrant/workspace/nc-lesson-mock/node_modules/ws',
gyp info spawn args   '--depth=.',
gyp info spawn args   '--no-parallel',
gyp info spawn args   '--generator-output',
gyp info spawn args   'build',
gyp info spawn args   '-Goutput_dir=.' ]
gyp verb command build []
gyp verb build type Release
gyp verb architecture x64
gyp verb node dev dir /home/vagrant/.node-gyp/5.10.1
gyp verb `which` succeeded for `make` /usr/bin/make
gyp info spawn make
gyp info spawn args [ 'V=1', 'BUILDTYPE=Release', '-C', 'build' ]
In file included from ../src/bufferutil.cc:7:
/home/vagrant/.node-gyp/5.10.1/include/node/v8.h:336: error: expected unqualified-id before 'using'
/home/vagrant/.node-gyp/5.10.1/include/node/v8.h: In constructor 'v8::MaybeLocal<T>::MaybeLocal()':
/home/vagrant/.node-gyp/5.10.1/include/node/v8.h:353: error: 'nullptr' was not declared in this scope
/home/vagrant/.node-gyp/5.10.1/include/node/v8.h: In member function 'bool v8::MaybeLocal<T>::IsEmpty() const':
/home/vagrant/.node-gyp/5.10.1/include/node/v8.h:360: error: 'nullptr' was not declared in this scope
/home/vagrant/.node-gyp/5.10.1/include/node/v8.h: In member function 'bool v8::MaybeLocal<T>::ToLocal(v8::Local<S>*) const':
/home/vagrant/.node-gyp/5.10.1/include/node/v8.h:364: error: 'nullptr' was not declared in this scope
/home/vagrant/.node-gyp/5.10.1/include/node/v8.h: In member function 'bool v8::WeakCallbackInfo<T>::IsFirstPass() const':
/home/vagrant/.node-gyp/5.10.1/include/node/v8.h:430: error: 'nullptr' was not declared in this scope
/home/vagrant/.node-gyp/5.10.1/include/node/v8.h: At global scope:
/home/vagrant/.node-gyp/5.10.1/include/node/v8.h:469: error: expected unqualified-id before 'using'
/home/vagrant/.node-gyp/5.10.1/include/node/v8.h: In constructor 'v8::Global<T>::Global()':
/home/vagrant/.node-gyp/5.10.1/include/node/v8.h:794: error: 'nullptr' was not declared in this scope
/home/vagrant/.node-gyp/5.10.1/include/node/v8.h: In constructor 'v8::Global<T>::Global(v8::Global<T>&&)':
/home/vagrant/.node-gyp/5.10.1/include/node/v8.h:819: error: 'nullptr' was not declared in this scope
/home/vagrant/.node-gyp/5.10.1/include/node/v8.h: In member function 'v8::Global<T>& v8::Global<T>::operator=(v8::Global<S>&&)':
/home/vagrant/.node-gyp/5.10.1/include/node/v8.h:831: error: 'nullptr' was not declared in this scope
/home/vagrant/.node-gyp/5.10.1/include/node/v8.h: At global scope:
/home/vagrant/.node-gyp/5.10.1/include/node/v8.h:856: error: expected unqualified-id before 'using'
/home/vagrant/.node-gyp/5.10.1/include/node/v8.h:1093: error: 'nullptr' was not declared in this scope
/home/vagrant/.node-gyp/5.10.1/include/node/v8.h:1099: error: 'nullptr' was not declared in this scope
/home/vagrant/.node-gyp/5.10.1/include/node/v8.h: In member function 'v8::MaybeLocal<v8::Object> v8::Function::NewInstance(v8::Local<v8::Context>) const':
/home/vagrant/.node-gyp/5.10.1/include/node/v8.h:3204: error: 'nullptr' was not declared in this scope
/home/vagrant/.node-gyp/5.10.1/include/node/v8.h: In member function 'v8::Local<T> v8::MaybeLocal<T>::ToLocalChecked()':
/home/vagrant/.node-gyp/5.10.1/include/node/v8.h:7154: error: 'nullptr' was not declared in this scope
In file included from ../src/bufferutil.cc:15:
../../nan/nan.h: At global scope:
../../nan/nan.h:206: error: 'v8::Handle' has not been declared
../../nan/nan.h:206: error: expected ',' or '...' before '<' token
../../nan/nan.h: In function 'bool NanBooleanOptionValue(v8::Local<v8::Object>, int)':
../../nan/nan.h:208: error: 'def' was not declared in this scope
../../nan/nan.h:210: error: 'opt' was not declared in this scope
../../nan/nan.h:214: error: 'opt' was not declared in this scope
../../nan/nan.h: At global scope:
../../nan/nan.h:221: error: 'v8::Handle' has not been declared
../../nan/nan.h:221: error: expected ',' or '...' before '<' token
../../nan/nan.h: In function 'bool NanBooleanOptionValue(v8::Local<v8::Object>, int)':
../../nan/nan.h:219: error: redefinition of 'bool NanBooleanOptionValue(v8::Local<v8::Object>, int)'
../../nan/nan.h:204: error: 'bool NanBooleanOptionValue(v8::Local<v8::Object>, int)' previously defined here
../../nan/nan.h:223: error: 'opt' was not declared in this scope
../../nan/nan.h: At global scope:
../../nan/nan.h:228: error: 'v8::Handle' has not been declared
../../nan/nan.h:228: error: expected ',' or '...' before '<' token
../../nan/nan.h: In function 'uint32_t NanUInt32OptionValue(v8::Local<v8::Object>, int)':
../../nan/nan.h:232: error: 'opt' was not declared in this scope
../../nan/nan.h:235: error: 'def' was not declared in this scope
../../nan/nan.h: At global scope:
../../nan/nan.h:334: error: 'NanNew' declared as an 'inline' variable
../../nan/nan.h:334: warning: 'always_inline' attribute ignored
../../nan/nan.h:334: error: template declaration of 'v8::Local<v8::Signature> NanNew'
../../nan/nan.h:334: error: 'Handle' is not a member of 'v8'
../../nan/nan.h:334: error: expected primary-expression before '>' token
../../nan/nan.h:334: error: 'receiver' was not declared in this scope
../../nan/nan.h:335: error: expected primary-expression before 'int'
../../nan/nan.h:336: error: 'Handle' is not a member of 'v8'
../../nan/nan.h:336: error: expected primary-expression before '>' token
../../nan/nan.h:336: error: 'argv' was not declared in this scope
../../nan/nan.h:336: error: expected primary-expression before ']' token
../../nan/nan.h:343: error: 'v8::Handle' has not been declared
../../nan/nan.h:343: error: expected ',' or '...' before '<' token
../../nan/nan.h: In function 'v8::Local<v8::FunctionTemplate> NanNew(void (*)(const v8::FunctionCallbackInfo<v8::Value>&), int)':
../../nan/nan.h:345: error: 'data' was not declared in this scope
../../nan/nan.h:345: error: 'signature' was not declared in this scope
../../nan/nan.h: At global scope:
../../nan/nan.h:349: error: 'NanNew' declared as an 'inline' variable
../../nan/nan.h:349: warning: 'always_inline' attribute ignored
../../nan/nan.h:349: error: template declaration of 'v8::Local<T> NanNew'
../../nan/nan.h:349: error: 'Handle' is not a member of 'v8'
../../nan/nan.h:349: error: expected primary-expression before '>' token
../../nan/nan.h:349: error: 'arg1' was not declared in this scope
../../nan/nan.h:409: error: 'NanNew' declared as an 'inline' variable
../../nan/nan.h:409: warning: 'always_inline' attribute ignored
../../nan/nan.h:409: error: 'v8::Local<v8::String> NanNew' redeclared as different kind of symbol
../../nan/nan.h:403: error: previous declaration of 'v8::Local<v8::String> NanNew(v8::String::ExternalStringResource*)'
../../nan/nan.h:409: error: 'ExternalAsciiStringResource' is not a member of 'v8::String'
../../nan/nan.h:409: error: 'resource' was not declared in this scope
../../nan/nan.h:427: error: 'Handle' is not a member of 'v8'
../../nan/nan.h:427: error: 'Handle' is not a member of 'v8'
../../nan/nan.h:427: error: parse error in template argument list
../../nan/nan.h:427: error: expected initializer before '>' token
../../nan/nan.h:439: error: 'NanNew' declared as an 'inline' variable
../../nan/nan.h:439: warning: 'always_inline' attribute ignored
../../nan/nan.h:439: error: template declaration of 'v8::Local<v8::RegExp> NanNew'
../../nan/nan.h:439: error: 'Handle' is not a member of 'v8'
../../nan/nan.h:439: error: expected primary-expression before '>' token
../../nan/nan.h:439: error: 'pattern' was not declared in this scope
../../nan/nan.h:439: error: expected primary-expression before 'flags'
../../nan/nan.h:451: error: 'NanNew' declared as an 'inline' variable
../../nan/nan.h:451: warning: 'always_inline' attribute ignored
../../nan/nan.h:451: error: template declaration of 'v8::Local<v8::RegExp> NanNew'
../../nan/nan.h:451: error: 'Handle' is not a member of 'v8'
../../nan/nan.h:451: error: expected primary-expression before '>' token
../../nan/nan.h:451: error: 'pattern' was not declared in this scope
../../nan/nan.h:451: error: expected primary-expression before 'flags'
../../nan/nan.h:617: error: 'v8::Handle' has not been declared
../../nan/nan.h:617: error: expected ',' or '...' before '<' token
../../nan/nan.h: In function 'void NanAssignPersistent(v8::Persistent<T, v8::NonCopyablePersistentTraits<T> >&, int)':
../../nan/nan.h:618: error: 'obj' was not declared in this scope
../../nan/nan.h: At global scope:
../../nan/nan.h:632: error: expected ')' before '<' token
../../nan/nan.h:696: error: variable or field 'NanMakeWeakPersistent' declared void
../../nan/nan.h:696: error: 'Handle' is not a member of 'v8'
../../nan/nan.h:696: error: expected primary-expression before '>' token
../../nan/nan.h:696: error: 'handle' was not declared in this scope
../../nan/nan.h:697: error: expected primary-expression before '*' token
../../nan/nan.h:697: error: 'parameter' was not declared in this scope
../../nan/nan.h:698: error: expected '(' before 'callback'
../../nan/nan.h:720: error: variable or field 'NanThrowError' declared void
../../nan/nan.h:720: error: 'Handle' is not a member of 'v8'
../../nan/nan.h:720: error: expected primary-expression before '>' token
../../nan/nan.h:720: error: 'error' was not declared in this scope
../../nan/nan.h: In function 'void NanThrowError(const char*, int)':
../../nan/nan.h:739: error: no matching function for call to 'NanThrowError(v8::Local<v8::Value>)'
../../nan/nan.h:716: note: candidates are: void NanThrowError(const char*)
../../nan/nan.h:735: note:                 void NanThrowError(const char*, int)
../../nan/nan.h: At global scope:
../../nan/nan.h:767: error: 'node::smalloc' has not been declared
../../nan/nan.h:767: error: expected ',' or '...' before 'callback'
../../nan/nan.h: In function 'v8::Local<v8::Object> NanNewBufferHandle(char*, size_t, int)':
../../nan/nan.h:770: error: 'callback' was not declared in this scope
../../nan/nan.h:770: error: 'hint' was not declared in this scope
../../nan/nan.h: In function 'v8::Local<v8::Object> NanNewBufferHandle(const char*, uint32_t)':
../../nan/nan.h:777: error: call of overloaded 'New(v8::Isolate*&, const char*&, uint32_t&)' is ambiguous
/home/vagrant/.node-gyp/5.10.1/include/node/node_buffer.h:34: note: candidates are: v8::MaybeLocal<v8::Object> node::Buffer::New(v8::Isolate*, v8::Local<v8::String>, node::encoding) <near match>
/home/vagrant/.node-gyp/5.10.1/include/node/node_buffer.h:46: note:                 v8::MaybeLocal<v8::Object> node::Buffer::New(v8::Isolate*, char*, size_t) <near match>
../../nan/nan.h: In function 'v8::Local<v8::Object> NanNewBufferHandle(uint32_t)':
../../nan/nan.h:781: error: conversion from 'v8::MaybeLocal<v8::Object>' to non-scalar type 'v8::Local<v8::Object>' requested
../../nan/nan.h: In function 'v8::Local<v8::Object> NanBufferUse(char*, uint32_t)':
../../nan/nan.h:788: error: 'Use' is not a member of 'node::Buffer'
../../nan/nan.h: At global scope:
../../nan/nan.h:793: error: 'v8::Handle' has not been declared
../../nan/nan.h:793: error: expected ',' or '...' before '<' token
../../nan/nan.h: In function 'bool NanHasInstance(v8::Persistent<v8::FunctionTemplate, v8::NonCopyablePersistentTraits<v8::FunctionTemplate> >&, int)':
../../nan/nan.h:795: error: 'value' was not declared in this scope
../../nan/nan.h: At global scope:
../../nan/nan.h:800: error: 'v8::Handle' has not been declared
../../nan/nan.h:800: error: expected ',' or '...' before '<' token
../../nan/nan.h: In function 'v8::Local<v8::Context> NanNewContextHandle(v8::ExtensionConfiguration*, int)':
../../nan/nan.h:798: error: default argument missing for parameter 2 of 'v8::Local<v8::Context> NanNewContextHandle(v8::ExtensionConfiguration*, int)'
../../nan/nan.h:805: error: 'tmpl' was not declared in this scope
../../nan/nan.h:805: error: 'obj' was not declared in this scope
../../nan/nan.h: At global scope:
../../nan/nan.h:1443: error: expected unqualified-id before '<' token
../../nan/nan.h:1443: error: expected ')' before '<' token
../../nan/nan.h:1443: error: expected ';' before '<' token
../../nan/nan.h:1450: error: expected ';' before '~' token
../../nan/nan.h:1455: error: expected unqualified-id before '<' token
../../nan/nan.h:1455: error: expected ')' before '<' token
../../nan/nan.h:1455: error: expected ';' before '<' token
../../nan/nan.h:1460: error: expected ';' before 'inline'
../../nan/nan.h:1465: error: 'v8::Handle' has not been declared
../../nan/nan.h:1465: error: expected ',' or '...' before '<' token
../../nan/nan.h: In constructor 'NanCallback::NanCallback()':
../../nan/nan.h:1440: error: no matching function for call to 'NanAssignPersistent(v8::Persistent<v8::Object, v8::NonCopyablePersistentTraits<v8::Object> >&, v8::Local<v8::Object>&)'
../../nan/nan.h: In member function 'void NanCallback::Call(int, int)':
../../nan/nan.h:1475: error: 'argv' was not declared in this scope
../../nan/nan.h: In constructor 'NanAsyncWorker::NanAsyncWorker(NanCallback*)':
../../nan/nan.h:1505: error: no matching function for call to 'NanAssignPersistent(v8::Persistent<v8::Object, v8::NonCopyablePersistentTraits<v8::Object> >&, v8::Local<v8::Object>&)'
../../nan/nan.h: In member function 'virtual void NanAsyncWorker::HandleErrorCallback()':
../../nan/nan.h:1562: error: invalid conversion from 'v8::Local<v8::Value>*' to 'int'
../../nan/nan.h:1562: error:   initializing argument 2 of 'void NanCallback::Call(int, int)'
../../nan/nan.h: At global scope:
../../nan/nan.h:1715: error: 'Handle' is not a member of 'v8'
../../nan/nan.h:1715: error: expected primary-expression before '>' token
../../nan/nan.h:1715: error: 'val' was not declared in this scope
../../nan/nan.h:1716: error: expected primary-expression before 'const'
../../nan/nan.h:1717: error: expected primary-expression before '*' token
../../nan/nan.h:1717: error: 'len' was not declared in this scope
../../nan/nan.h:1718: error: initializer expression list treated as compound expression
../../nan/nan.h:1718: error: expected ',' or ';' before '{' token
../../nan/nan.h:1715: warning: '_NanGetExternalParts' defined but not used
make: *** [Release/obj.target/bufferutil/src/bufferutil.o] Error 1
gyp ERR! build error 
gyp ERR! stack Error: `make` failed with exit code: 2
gyp ERR! stack     at ChildProcess.onExit (/usr/local/lib/node_modules/npm/node_modules/node-gyp/lib/build.js:276:23)
gyp ERR! stack     at emitTwo (events.js:100:13)
gyp ERR! stack     at ChildProcess.emit (events.js:185:7)
gyp ERR! stack     at Process.ChildProcess._handle.onexit (internal/child_process.js:204:12)
gyp ERR! System Linux 2.6.32-431.3.1.el6.x86_64
gyp ERR! command "/usr/local/bin/node" "/usr/local/lib/node_modules/npm/node_modules/node-gyp/bin/node-gyp.js" "rebuild"
gyp ERR! cwd /vagrant/workspace/nc-lesson-mock/node_modules/ws
gyp ERR! node -v v5.10.1
gyp ERR! node-gyp -v v3.3.1
gyp ERR! not ok 
